2024-10-10 10:20:33,891 - INFO - File already exists for year 1774, skipping...
2024-10-10 10:20:33,891 - INFO - File already exists for year 1798, skipping...
2024-10-10 10:20:33,891 - INFO - File already exists for year 1799, skipping...
2024-10-10 10:20:33,891 - INFO - File already exists for year 1800, skipping...
2024-10-10 10:20:33,891 - INFO - File already exists for year 1801, skipping...
2024-10-10 10:20:33,891 - INFO - File already exists for year 1802, skipping...
2024-10-10 10:20:33,891 - INFO - File already exists for year 1803, skipping...
2024-10-10 10:20:33,891 - INFO - File already exists for year 1804, skipping...
2024-10-10 10:20:33,891 - INFO - File already exists for year 1805, skipping...
2024-10-10 10:20:33,891 - INFO - File already exists for year 1806, skipping...
2024-10-10 10:20:33,892 - INFO - File already exists for year 1807, skipping...
2024-10-10 10:20:33,892 - INFO - File already exists for year 1808, skipping...
2024-10-10 10:20:33,892 - INFO - File already exists for year 1809, skipping...
2024-10-10 10:20:33,892 - INFO - File already exists for year 1810, skipping...
2024-10-10 10:20:33,892 - INFO - File already exists for year 1811, skipping...
2024-10-10 10:20:33,892 - INFO - File already exists for year 1812, skipping...
2024-10-10 10:20:33,892 - INFO - File already exists for year 1813, skipping...
2024-10-10 10:20:33,892 - INFO - File already exists for year 1814, skipping...
2024-10-10 10:20:33,892 - INFO - File already exists for year 1815, skipping...
2024-10-10 10:20:33,892 - INFO - File already exists for year 1816, skipping...
2024-10-10 10:20:33,894 - INFO - File already exists for year 1817, skipping...
2024-10-10 10:20:33,895 - INFO - File already exists for year 1818, skipping...
2024-10-10 10:20:33,895 - INFO - File already exists for year 1819, skipping...
2024-10-10 10:20:33,895 - INFO - File already exists for year 1820, skipping...
2024-10-10 10:20:33,895 - INFO - File already exists for year 1821, skipping...
2024-10-10 10:20:33,895 - INFO - File already exists for year 1822, skipping...
2024-10-10 10:20:33,895 - INFO - File already exists for year 1823, skipping...
2024-10-10 10:20:33,896 - INFO - File already exists for year 1824, skipping...
2024-10-10 10:20:33,896 - INFO - File already exists for year 1825, skipping...
2024-10-10 10:20:33,896 - INFO - File already exists for year 1826, skipping...
2024-10-10 10:20:33,896 - INFO - File already exists for year 1827, skipping...
2024-10-10 10:20:33,896 - INFO - File already exists for year 1828, skipping...
2024-10-10 10:20:33,897 - INFO - File already exists for year 1829, skipping...
2024-10-10 10:20:33,897 - INFO - File already exists for year 1830, skipping...
2024-10-10 10:20:33,897 - INFO - File already exists for year 1831, skipping...
2024-10-10 10:20:33,897 - INFO - File already exists for year 1832, skipping...
2024-10-10 10:20:33,897 - INFO - File already exists for year 1833, skipping...
2024-10-10 10:20:33,897 - INFO - File already exists for year 1834, skipping...
2024-10-10 10:20:33,897 - INFO - File already exists for year 1835, skipping...
2024-10-10 10:20:33,897 - INFO - File already exists for year 1836, skipping...
2024-10-10 10:20:33,897 - INFO - File already exists for year 1837, skipping...
2024-10-10 10:20:33,897 - INFO - File already exists for year 1838, skipping...
2024-10-10 10:20:33,898 - INFO - File already exists for year 1839, skipping...
2024-10-10 10:20:33,898 - INFO - File already exists for year 1840, skipping...
2024-10-10 10:20:33,898 - INFO - File already exists for year 1841, skipping...
2024-10-10 10:20:33,898 - INFO - File already exists for year 1842, skipping...
2024-10-10 10:20:33,898 - INFO - File already exists for year 1843, skipping...
2024-10-10 10:20:33,898 - INFO - File already exists for year 1844, skipping...
2024-10-10 10:20:33,898 - INFO - File already exists for year 1845, skipping...
2024-10-10 10:20:33,898 - INFO - File already exists for year 1846, skipping...
2024-10-10 10:20:33,898 - INFO - File already exists for year 1847, skipping...
2024-10-10 10:20:33,899 - INFO - File already exists for year 1848, skipping...
2024-10-10 10:20:33,899 - INFO - File already exists for year 1849, skipping...
2024-10-10 10:20:33,899 - INFO - File already exists for year 1850, skipping...
2024-10-10 10:20:33,899 - INFO - File already exists for year 1851, skipping...
2024-10-10 10:20:33,899 - INFO - File already exists for year 1853, skipping...
2024-10-10 10:20:33,899 - INFO - File already exists for year 1854, skipping...
2024-10-10 10:20:33,899 - INFO - File already exists for year 1852, skipping...
2024-10-10 10:20:33,899 - INFO - File already exists for year 1855, skipping...
2024-10-10 10:20:33,899 - INFO - File already exists for year 1856, skipping...
2024-10-10 10:20:33,899 - INFO - File already exists for year 1857, skipping...
2024-10-10 10:20:33,899 - INFO - File already exists for year 1858, skipping...
2024-10-10 10:20:33,899 - INFO - File already exists for year 1859, skipping...
2024-10-10 10:20:33,899 - INFO - File already exists for year 1860, skipping...
2024-10-10 10:20:33,900 - INFO - File already exists for year 1862, skipping...
2024-10-10 10:20:33,900 - INFO - File already exists for year 1863, skipping...
2024-10-10 10:20:33,900 - INFO - File already exists for year 1861, skipping...
2024-10-10 10:20:33,900 - INFO - File already exists for year 1864, skipping...
2024-10-10 10:20:33,900 - INFO - File already exists for year 1865, skipping...
2024-10-10 10:20:33,900 - INFO - File already exists for year 1866, skipping...
2024-10-10 10:20:33,900 - INFO - File already exists for year 1867, skipping...
2024-10-10 10:20:33,900 - INFO - File already exists for year 1868, skipping...
2024-10-10 10:20:33,900 - INFO - File already exists for year 1869, skipping...
2024-10-10 10:20:33,900 - INFO - File already exists for year 1870, skipping...
2024-10-10 10:20:33,900 - INFO - File already exists for year 1871, skipping...
2024-10-10 10:20:33,900 - INFO - File already exists for year 1872, skipping...
2024-10-10 10:20:33,900 - INFO - File already exists for year 1873, skipping...
2024-10-10 10:20:33,900 - INFO - File already exists for year 1874, skipping...
2024-10-10 10:20:33,901 - INFO - File already exists for year 1876, skipping...
2024-10-10 10:20:33,901 - INFO - File already exists for year 1877, skipping...
2024-10-10 10:20:33,901 - INFO - File already exists for year 1878, skipping...
2024-10-10 10:20:33,901 - INFO - File already exists for year 1879, skipping...
2024-10-10 10:20:33,901 - INFO - File already exists for year 1880, skipping...
2024-10-10 10:20:33,901 - INFO - File already exists for year 1881, skipping...
2024-10-10 10:20:33,901 - INFO - File already exists for year 1882, skipping...
2024-10-10 10:20:33,901 - INFO - File already exists for year 1883, skipping...
2024-10-10 10:20:33,901 - INFO - File already exists for year 1884, skipping...
2024-10-10 10:20:33,901 - INFO - File already exists for year 1875, skipping...
2024-10-10 10:20:33,901 - INFO - File already exists for year 1885, skipping...
2024-10-10 10:20:33,901 - INFO - File already exists for year 1886, skipping...
2024-10-10 10:20:33,901 - INFO - File already exists for year 1887, skipping...
2024-10-10 10:20:33,901 - INFO - File already exists for year 1888, skipping...
2024-10-10 10:20:33,901 - INFO - File already exists for year 1889, skipping...
2024-10-10 10:20:33,902 - INFO - File already exists for year 1890, skipping...
2024-10-10 10:20:33,902 - INFO - File already exists for year 1891, skipping...
2024-10-10 10:20:33,902 - INFO - File already exists for year 1892, skipping...
2024-10-10 10:20:33,902 - INFO - File already exists for year 1895, skipping...
2024-10-10 10:20:33,902 - INFO - File already exists for year 1894, skipping...
2024-10-10 10:20:33,903 - INFO - File already exists for year 1896, skipping...
2024-10-10 10:20:33,902 - INFO - File already exists for year 1893, skipping...
2024-10-10 10:20:33,903 - INFO - File already exists for year 1897, skipping...
2024-10-10 10:20:33,903 - INFO - File already exists for year 1898, skipping...
2024-10-10 10:20:33,903 - INFO - Start downloading data for year 1900 at 2024-10-10 10:20:33.903784
2024-10-10 10:20:33,903 - INFO - Start downloading data for year 1901 at 2024-10-10 10:20:33.903827
2024-10-10 10:20:33,904 - INFO - Start downloading data for year 1899 at 2024-10-10 10:20:33.904161
2024-10-10 10:20:33,906 - INFO - Start downloading data for year 1902 at 2024-10-10 10:20:33.905982
2024-10-10 10:20:33,921 - INFO - Start downloading data for year 1903 at 2024-10-10 10:20:33.921909
2024-10-10 10:20:33,923 - INFO - Start downloading data for year 1904 at 2024-10-10 10:20:33.923757
2024-10-10 10:20:33,935 - INFO - Start downloading data for year 1905 at 2024-10-10 10:20:33.935019
2024-10-10 10:20:33,935 - INFO - Start downloading data for year 1906 at 2024-10-10 10:20:33.935130
2024-10-10 10:20:33,940 - INFO - Start downloading data for year 1907 at 2024-10-10 10:20:33.940482
2024-10-10 10:20:33,956 - INFO - Start downloading data for year 1908 at 2024-10-10 10:20:33.956162
2024-10-10 10:20:33,960 - INFO - Start downloading data for year 1909 at 2024-10-10 10:20:33.960057
2024-10-10 10:20:33,960 - INFO - Start downloading data for year 1910 at 2024-10-10 10:20:33.960622
2024-10-10 10:20:33,964 - INFO - Start downloading data for year 1911 at 2024-10-10 10:20:33.964321
2024-10-10 10:20:33,974 - INFO - Start downloading data for year 1912 at 2024-10-10 10:20:33.974150
2024-10-10 10:20:33,974 - INFO - Start downloading data for year 1913 at 2024-10-10 10:20:33.974428
2024-10-10 10:20:33,974 - INFO - Start downloading data for year 1914 at 2024-10-10 10:20:33.974575
2024-10-10 10:20:33,975 - INFO - Start downloading data for year 1915 at 2024-10-10 10:20:33.975650
2024-10-10 10:20:34,002 - INFO - Start downloading data for year 1916 at 2024-10-10 10:20:34.002396
2024-10-10 10:20:34,018 - INFO - Start downloading data for year 1917 at 2024-10-10 10:20:34.018193
2024-10-10 10:21:19,236 - INFO - Successfully downloaded and saved data for year 1900
2024-10-10 10:21:19,540 - INFO - Done: 1900 at 2024-10-10 10:21:19.540842, duration: 0:00:45.637058
2024-10-10 10:21:19,541 - INFO - Start downloading data for year 1918 at 2024-10-10 10:21:19.541109
2024-10-10 10:25:53,849 - INFO - Successfully downloaded and saved data for year 1904
2024-10-10 10:25:54,215 - INFO - Done: 1904 at 2024-10-10 10:25:54.215591, duration: 0:05:20.291834
2024-10-10 10:25:54,215 - INFO - Start downloading data for year 1919 at 2024-10-10 10:25:54.215828
2024-10-10 10:27:34,512 - INFO - Successfully downloaded and saved data for year 1903
2024-10-10 10:27:34,922 - INFO - Done: 1903 at 2024-10-10 10:27:34.922190, duration: 0:07:01.000281
2024-10-10 10:27:42,629 - INFO - Successfully downloaded and saved data for year 1899
2024-10-10 10:27:42,998 - INFO - Done: 1899 at 2024-10-10 10:27:42.998720, duration: 0:07:09.094559
2024-10-10 10:28:19,321 - INFO - Successfully downloaded and saved data for year 1913
2024-10-10 10:28:19,887 - INFO - Done: 1913 at 2024-10-10 10:28:19.887484, duration: 0:07:45.913056
2024-10-10 10:28:34,840 - INFO - Successfully downloaded and saved data for year 1901
2024-10-10 10:28:35,364 - INFO - Done: 1901 at 2024-10-10 10:28:35.364065, duration: 0:08:01.460238
2024-10-10 10:28:40,153 - INFO - Successfully downloaded and saved data for year 1902
2024-10-10 10:28:40,800 - INFO - Done: 1902 at 2024-10-10 10:28:40.800092, duration: 0:08:06.894110
2024-10-10 10:28:48,890 - INFO - Successfully downloaded and saved data for year 1911
2024-10-10 10:28:49,387 - INFO - Done: 1911 at 2024-10-10 10:28:49.387005, duration: 0:08:15.422684
2024-10-10 10:28:49,845 - INFO - Successfully downloaded and saved data for year 1914
2024-10-10 10:28:50,427 - INFO - Done: 1914 at 2024-10-10 10:28:50.427120, duration: 0:08:16.452545
2024-10-10 10:28:53,342 - INFO - Successfully downloaded and saved data for year 1908
2024-10-10 10:28:53,879 - INFO - Done: 1908 at 2024-10-10 10:28:53.879791, duration: 0:08:19.923629
2024-10-10 10:28:55,830 - INFO - Successfully downloaded and saved data for year 1907
2024-10-10 10:28:56,194 - INFO - Successfully downloaded and saved data for year 1905
2024-10-10 10:28:56,416 - INFO - Done: 1907 at 2024-10-10 10:28:56.416114, duration: 0:08:22.475632
2024-10-10 10:28:56,695 - INFO - Done: 1905 at 2024-10-10 10:28:56.695270, duration: 0:08:22.760251
2024-10-10 10:28:58,867 - INFO - Successfully downloaded and saved data for year 1906
2024-10-10 10:28:59,354 - INFO - Done: 1906 at 2024-10-10 10:28:59.354746, duration: 0:08:25.419616
2024-10-10 10:29:02,943 - INFO - Successfully downloaded and saved data for year 1916
2024-10-10 10:29:03,441 - INFO - Done: 1916 at 2024-10-10 10:29:03.441942, duration: 0:08:29.439546
2024-10-10 10:29:15,201 - INFO - Successfully downloaded and saved data for year 1910
2024-10-10 10:29:15,739 - INFO - Done: 1910 at 2024-10-10 10:29:15.738997, duration: 0:08:41.778375
2024-10-10 10:29:18,519 - INFO - Successfully downloaded and saved data for year 1917
2024-10-10 10:29:19,016 - INFO - Done: 1917 at 2024-10-10 10:29:19.016030, duration: 0:08:44.997837
2024-10-10 10:29:22,081 - INFO - Successfully downloaded and saved data for year 1912
2024-10-10 10:29:22,566 - INFO - Done: 1912 at 2024-10-10 10:29:22.566907, duration: 0:08:48.592757
2024-10-10 10:29:24,432 - INFO - Successfully downloaded and saved data for year 1918
2024-10-10 10:29:24,618 - INFO - Successfully downloaded and saved data for year 1915
2024-10-10 10:29:25,025 - INFO - Done: 1918 at 2024-10-10 10:29:25.025265, duration: 0:08:05.484156
2024-10-10 10:29:25,185 - INFO - Done: 1915 at 2024-10-10 10:29:25.185582, duration: 0:08:51.209932
2024-10-10 10:29:28,742 - INFO - Successfully downloaded and saved data for year 1909
2024-10-10 10:29:29,257 - INFO - Done: 1909 at 2024-10-10 10:29:29.256938, duration: 0:08:55.296881
2024-10-10 10:29:44,807 - INFO - Successfully downloaded and saved data for year 1919
2024-10-10 10:29:45,326 - INFO - Done: 1919 at 2024-10-10 10:29:45.326237, duration: 0:03:51.110409
2024-10-10 10:30:32,797 - INFO - File already exists for year 1774, skipping...
2024-10-10 10:30:32,797 - INFO - File already exists for year 1798, skipping...
2024-10-10 10:30:32,797 - INFO - File already exists for year 1799, skipping...
2024-10-10 10:30:32,797 - INFO - File already exists for year 1800, skipping...
2024-10-10 10:30:32,797 - INFO - File already exists for year 1801, skipping...
2024-10-10 10:30:32,797 - INFO - File already exists for year 1802, skipping...
2024-10-10 10:30:32,798 - INFO - File already exists for year 1803, skipping...
2024-10-10 10:30:32,798 - INFO - File already exists for year 1804, skipping...
2024-10-10 10:30:32,798 - INFO - File already exists for year 1805, skipping...
2024-10-10 10:30:32,798 - INFO - File already exists for year 1806, skipping...
2024-10-10 10:30:32,798 - INFO - File already exists for year 1807, skipping...
2024-10-10 10:30:32,798 - INFO - File already exists for year 1808, skipping...
2024-10-10 10:30:32,798 - INFO - File already exists for year 1809, skipping...
2024-10-10 10:30:32,798 - INFO - File already exists for year 1810, skipping...
2024-10-10 10:30:32,798 - INFO - File already exists for year 1811, skipping...
2024-10-10 10:30:32,798 - INFO - File already exists for year 1812, skipping...
2024-10-10 10:30:32,798 - INFO - File already exists for year 1813, skipping...
2024-10-10 10:30:32,798 - INFO - File already exists for year 1814, skipping...
2024-10-10 10:30:32,798 - INFO - File already exists for year 1815, skipping...
2024-10-10 10:30:32,798 - INFO - File already exists for year 1816, skipping...
2024-10-10 10:30:32,799 - INFO - File already exists for year 1817, skipping...
2024-10-10 10:30:32,799 - INFO - File already exists for year 1818, skipping...
2024-10-10 10:30:32,799 - INFO - File already exists for year 1819, skipping...
2024-10-10 10:30:32,799 - INFO - File already exists for year 1820, skipping...
2024-10-10 10:30:32,799 - INFO - File already exists for year 1821, skipping...
2024-10-10 10:30:32,799 - INFO - File already exists for year 1822, skipping...
2024-10-10 10:30:32,799 - INFO - File already exists for year 1823, skipping...
2024-10-10 10:30:32,800 - INFO - File already exists for year 1824, skipping...
2024-10-10 10:30:32,800 - INFO - File already exists for year 1825, skipping...
2024-10-10 10:30:32,800 - INFO - File already exists for year 1826, skipping...
2024-10-10 10:30:32,801 - INFO - File already exists for year 1827, skipping...
2024-10-10 10:30:32,801 - INFO - File already exists for year 1828, skipping...
2024-10-10 10:30:32,801 - INFO - File already exists for year 1829, skipping...
2024-10-10 10:30:32,801 - INFO - File already exists for year 1830, skipping...
2024-10-10 10:30:32,801 - INFO - File already exists for year 1831, skipping...
2024-10-10 10:30:32,801 - INFO - File already exists for year 1832, skipping...
2024-10-10 10:30:32,801 - INFO - File already exists for year 1833, skipping...
2024-10-10 10:30:32,801 - INFO - File already exists for year 1834, skipping...
2024-10-10 10:30:32,801 - INFO - File already exists for year 1835, skipping...
2024-10-10 10:30:32,801 - INFO - File already exists for year 1836, skipping...
2024-10-10 10:30:32,801 - INFO - File already exists for year 1837, skipping...
2024-10-10 10:30:32,801 - INFO - File already exists for year 1838, skipping...
2024-10-10 10:30:32,801 - INFO - File already exists for year 1839, skipping...
2024-10-10 10:30:32,801 - INFO - File already exists for year 1840, skipping...
2024-10-10 10:30:32,801 - INFO - File already exists for year 1841, skipping...
2024-10-10 10:30:32,801 - INFO - File already exists for year 1842, skipping...
2024-10-10 10:30:32,801 - INFO - File already exists for year 1843, skipping...
2024-10-10 10:30:32,802 - INFO - File already exists for year 1844, skipping...
2024-10-10 10:30:32,803 - INFO - File already exists for year 1845, skipping...
2024-10-10 10:30:32,803 - INFO - File already exists for year 1846, skipping...
2024-10-10 10:30:32,804 - INFO - File already exists for year 1847, skipping...
2024-10-10 10:30:32,805 - INFO - File already exists for year 1848, skipping...
2024-10-10 10:30:32,805 - INFO - File already exists for year 1849, skipping...
2024-10-10 10:30:32,805 - INFO - File already exists for year 1850, skipping...
2024-10-10 10:30:32,805 - INFO - File already exists for year 1851, skipping...
2024-10-10 10:30:32,805 - INFO - File already exists for year 1852, skipping...
2024-10-10 10:30:32,805 - INFO - File already exists for year 1853, skipping...
2024-10-10 10:30:32,806 - INFO - File already exists for year 1854, skipping...
2024-10-10 10:30:32,806 - INFO - File already exists for year 1855, skipping...
2024-10-10 10:30:32,806 - INFO - File already exists for year 1856, skipping...
2024-10-10 10:30:32,806 - INFO - File already exists for year 1857, skipping...
2024-10-10 10:30:32,806 - INFO - File already exists for year 1858, skipping...
2024-10-10 10:30:32,806 - INFO - File already exists for year 1859, skipping...
2024-10-10 10:30:32,806 - INFO - File already exists for year 1860, skipping...
2024-10-10 10:30:32,806 - INFO - File already exists for year 1861, skipping...
2024-10-10 10:30:32,806 - INFO - File already exists for year 1862, skipping...
2024-10-10 10:30:32,807 - INFO - File already exists for year 1863, skipping...
2024-10-10 10:30:32,807 - INFO - File already exists for year 1864, skipping...
2024-10-10 10:30:32,807 - INFO - File already exists for year 1865, skipping...
2024-10-10 10:30:32,807 - INFO - File already exists for year 1866, skipping...
2024-10-10 10:30:32,807 - INFO - File already exists for year 1867, skipping...
2024-10-10 10:30:32,807 - INFO - File already exists for year 1868, skipping...
2024-10-10 10:30:32,807 - INFO - File already exists for year 1869, skipping...
2024-10-10 10:30:32,807 - INFO - File already exists for year 1870, skipping...
2024-10-10 10:30:32,807 - INFO - File already exists for year 1871, skipping...
2024-10-10 10:30:32,807 - INFO - File already exists for year 1872, skipping...
2024-10-10 10:30:32,808 - INFO - File already exists for year 1873, skipping...
2024-10-10 10:30:32,808 - INFO - File already exists for year 1874, skipping...
2024-10-10 10:30:32,808 - INFO - File already exists for year 1875, skipping...
2024-10-10 10:30:32,808 - INFO - File already exists for year 1876, skipping...
2024-10-10 10:30:32,808 - INFO - File already exists for year 1877, skipping...
2024-10-10 10:30:32,808 - INFO - File already exists for year 1878, skipping...
2024-10-10 10:30:32,808 - INFO - File already exists for year 1879, skipping...
2024-10-10 10:30:32,808 - INFO - File already exists for year 1880, skipping...
2024-10-10 10:30:32,808 - INFO - File already exists for year 1881, skipping...
2024-10-10 10:30:32,808 - INFO - File already exists for year 1882, skipping...
2024-10-10 10:30:32,809 - INFO - File already exists for year 1883, skipping...
2024-10-10 10:30:32,809 - INFO - File already exists for year 1884, skipping...
2024-10-10 10:30:32,809 - INFO - File already exists for year 1885, skipping...
2024-10-10 10:30:32,809 - INFO - File already exists for year 1886, skipping...
2024-10-10 10:30:32,809 - INFO - File already exists for year 1887, skipping...
2024-10-10 10:30:32,809 - INFO - File already exists for year 1888, skipping...
2024-10-10 10:30:32,809 - INFO - File already exists for year 1889, skipping...
2024-10-10 10:30:32,809 - INFO - File already exists for year 1890, skipping...
2024-10-10 10:30:32,809 - INFO - File already exists for year 1891, skipping...
2024-10-10 10:30:32,809 - INFO - File already exists for year 1892, skipping...
2024-10-10 10:30:32,810 - INFO - File already exists for year 1893, skipping...
2024-10-10 10:30:32,810 - INFO - File already exists for year 1894, skipping...
2024-10-10 10:30:32,810 - INFO - File already exists for year 1895, skipping...
2024-10-10 10:30:32,810 - INFO - File already exists for year 1896, skipping...
2024-10-10 10:30:32,810 - INFO - File already exists for year 1897, skipping...
2024-10-10 10:30:32,810 - INFO - File already exists for year 1898, skipping...
2024-10-10 10:30:32,810 - INFO - File already exists for year 1899, skipping...
2024-10-10 10:30:32,810 - INFO - File already exists for year 1900, skipping...
2024-10-10 10:30:32,810 - INFO - File already exists for year 1901, skipping...
2024-10-10 10:30:32,810 - INFO - File already exists for year 1902, skipping...
2024-10-10 10:30:32,811 - INFO - File already exists for year 1903, skipping...
2024-10-10 10:30:32,811 - INFO - File already exists for year 1904, skipping...
2024-10-10 10:30:32,811 - INFO - File already exists for year 1905, skipping...
2024-10-10 10:30:32,811 - INFO - File already exists for year 1906, skipping...
2024-10-10 10:30:32,811 - INFO - File already exists for year 1907, skipping...
2024-10-10 10:30:32,811 - INFO - File already exists for year 1908, skipping...
2024-10-10 10:30:32,811 - INFO - File already exists for year 1909, skipping...
2024-10-10 10:30:32,811 - INFO - File already exists for year 1910, skipping...
2024-10-10 10:30:32,811 - INFO - File already exists for year 1911, skipping...
2024-10-10 10:30:32,812 - INFO - File already exists for year 1912, skipping...
2024-10-10 10:30:32,812 - INFO - File already exists for year 1913, skipping...
2024-10-10 10:30:32,812 - INFO - File already exists for year 1914, skipping...
2024-10-10 10:30:32,812 - INFO - File already exists for year 1915, skipping...
2024-10-10 10:30:32,812 - INFO - File already exists for year 1916, skipping...
2024-10-10 10:30:32,812 - INFO - File already exists for year 1917, skipping...
2024-10-10 10:30:32,812 - INFO - File already exists for year 1918, skipping...
2024-10-10 10:30:32,812 - INFO - File already exists for year 1919, skipping...
2024-10-10 10:30:32,812 - INFO - Start downloading data for year 1920 at 2024-10-10 10:30:32.812874
2024-10-10 10:30:32,824 - INFO - Start downloading data for year 1921 at 2024-10-10 10:30:32.824307
2024-10-10 10:30:32,835 - INFO - Start downloading data for year 1922 at 2024-10-10 10:30:32.835117
2024-10-10 10:30:32,836 - INFO - Start downloading data for year 1923 at 2024-10-10 10:30:32.836041
2024-10-10 10:30:32,838 - INFO - Start downloading data for year 1924 at 2024-10-10 10:30:32.838184
2024-10-10 10:30:32,838 - INFO - Start downloading data for year 1925 at 2024-10-10 10:30:32.838789
2024-10-10 10:30:32,841 - INFO - Start downloading data for year 1926 at 2024-10-10 10:30:32.841320
2024-10-10 10:30:32,845 - INFO - Start downloading data for year 1927 at 2024-10-10 10:30:32.845317
2024-10-10 10:30:32,854 - INFO - Start downloading data for year 1928 at 2024-10-10 10:30:32.854808
2024-10-10 10:30:32,855 - INFO - Start downloading data for year 1929 at 2024-10-10 10:30:32.855892
2024-10-10 10:30:32,859 - INFO - Start downloading data for year 1930 at 2024-10-10 10:30:32.859231
2024-10-10 10:30:32,860 - INFO - Start downloading data for year 1931 at 2024-10-10 10:30:32.860161
2024-10-10 10:30:32,865 - INFO - Start downloading data for year 1932 at 2024-10-10 10:30:32.865232
2024-10-10 10:30:32,865 - INFO - Start downloading data for year 1933 at 2024-10-10 10:30:32.865876
2024-10-10 10:30:32,866 - INFO - Start downloading data for year 1934 at 2024-10-10 10:30:32.866948
2024-10-10 10:30:32,874 - INFO - Start downloading data for year 1935 at 2024-10-10 10:30:32.874329
2024-10-10 10:30:32,876 - INFO - Start downloading data for year 1936 at 2024-10-10 10:30:32.876615
2024-10-10 10:30:32,881 - INFO - Start downloading data for year 1937 at 2024-10-10 10:30:32.881951
2024-10-10 10:30:32,891 - INFO - Start downloading data for year 1938 at 2024-10-10 10:30:32.891894
2024-10-10 10:32:12,629 - INFO - Successfully downloaded and saved data for year 1931
2024-10-10 10:32:12,763 - INFO - Done: 1931 at 2024-10-10 10:32:12.763000, duration: 0:01:39.902839
2024-10-10 10:32:12,763 - INFO - Start downloading data for year 1939 at 2024-10-10 10:32:12.763256
2024-10-10 10:32:33,210 - INFO - Successfully downloaded and saved data for year 1926
2024-10-10 10:32:33,399 - INFO - Done: 1926 at 2024-10-10 10:32:33.399369, duration: 0:02:00.558049
2024-10-10 10:32:33,675 - INFO - Successfully downloaded and saved data for year 1929
2024-10-10 10:32:33,786 - INFO - Done: 1929 at 2024-10-10 10:32:33.786483, duration: 0:02:00.930591
2024-10-10 10:32:34,884 - INFO - Successfully downloaded and saved data for year 1928
2024-10-10 10:32:35,024 - INFO - Done: 1928 at 2024-10-10 10:32:35.024420, duration: 0:02:02.169612
2024-10-10 10:32:41,345 - INFO - Successfully downloaded and saved data for year 1930
2024-10-10 10:32:41,488 - INFO - Done: 1930 at 2024-10-10 10:32:41.488287, duration: 0:02:08.629056
2024-10-10 10:32:42,298 - INFO - Successfully downloaded and saved data for year 1927
2024-10-10 10:32:42,434 - INFO - Done: 1927 at 2024-10-10 10:32:42.434719, duration: 0:02:09.589402
2024-10-10 10:32:51,173 - INFO - Successfully downloaded and saved data for year 1938
2024-10-10 10:32:51,356 - INFO - Done: 1938 at 2024-10-10 10:32:51.356830, duration: 0:02:18.464936
2024-10-10 10:32:58,188 - INFO - Successfully downloaded and saved data for year 1933
2024-10-10 10:32:58,375 - INFO - Done: 1933 at 2024-10-10 10:32:58.375341, duration: 0:02:25.509465
2024-10-10 10:32:59,740 - INFO - Successfully downloaded and saved data for year 1925
2024-10-10 10:32:59,927 - INFO - Done: 1925 at 2024-10-10 10:32:59.927942, duration: 0:02:27.089153
2024-10-10 10:33:00,399 - INFO - Successfully downloaded and saved data for year 1936
2024-10-10 10:33:00,598 - INFO - Done: 1936 at 2024-10-10 10:33:00.598289, duration: 0:02:27.721674
2024-10-10 10:33:02,187 - INFO - Successfully downloaded and saved data for year 1932
2024-10-10 10:33:02,374 - INFO - Done: 1932 at 2024-10-10 10:33:02.374731, duration: 0:02:29.509499
2024-10-10 10:33:07,067 - INFO - Successfully downloaded and saved data for year 1935
2024-10-10 10:33:07,260 - INFO - Done: 1935 at 2024-10-10 10:33:07.260211, duration: 0:02:34.385882
2024-10-10 10:33:08,089 - INFO - Successfully downloaded and saved data for year 1937
2024-10-10 10:33:08,282 - INFO - Done: 1937 at 2024-10-10 10:33:08.282442, duration: 0:02:35.400491
2024-10-10 10:33:09,175 - INFO - Successfully downloaded and saved data for year 1934
2024-10-10 10:33:09,351 - INFO - Done: 1934 at 2024-10-10 10:33:09.351735, duration: 0:02:36.484787
2024-10-10 10:33:15,656 - INFO - Successfully downloaded and saved data for year 1939
2024-10-10 10:33:15,815 - INFO - Done: 1939 at 2024-10-10 10:33:15.815400, duration: 0:01:03.052144
2024-10-10 10:33:27,419 - INFO - Successfully downloaded and saved data for year 1924
2024-10-10 10:33:27,649 - INFO - Done: 1924 at 2024-10-10 10:33:27.649349, duration: 0:02:54.811165
2024-10-10 10:33:35,095 - INFO - Successfully downloaded and saved data for year 1923
2024-10-10 10:33:35,339 - INFO - Done: 1923 at 2024-10-10 10:33:35.339164, duration: 0:03:02.503123
2024-10-10 10:35:44,756 - INFO - Successfully downloaded and saved data for year 1920
2024-10-10 10:35:45,284 - INFO - Done: 1920 at 2024-10-10 10:35:45.284838, duration: 0:05:12.471964
2024-10-10 10:36:17,762 - INFO - Successfully downloaded and saved data for year 1922
2024-10-10 10:36:18,415 - INFO - Done: 1922 at 2024-10-10 10:36:18.415884, duration: 0:05:45.580767
2024-10-10 10:36:20,272 - INFO - Successfully downloaded and saved data for year 1921
2024-10-10 10:36:20,892 - INFO - Done: 1921 at 2024-10-10 10:36:20.892090, duration: 0:05:48.067783
2024-10-10 10:38:00,865 - INFO - File already exists for year 1774, skipping...
2024-10-10 10:38:00,865 - INFO - File already exists for year 1798, skipping...
2024-10-10 10:38:00,865 - INFO - File already exists for year 1799, skipping...
2024-10-10 10:38:00,865 - INFO - File already exists for year 1800, skipping...
2024-10-10 10:38:00,865 - INFO - File already exists for year 1801, skipping...
2024-10-10 10:38:00,865 - INFO - File already exists for year 1802, skipping...
2024-10-10 10:38:00,865 - INFO - File already exists for year 1803, skipping...
2024-10-10 10:38:00,865 - INFO - File already exists for year 1804, skipping...
2024-10-10 10:38:00,865 - INFO - File already exists for year 1805, skipping...
2024-10-10 10:38:00,865 - INFO - File already exists for year 1806, skipping...
2024-10-10 10:38:00,865 - INFO - File already exists for year 1807, skipping...
2024-10-10 10:38:00,865 - INFO - File already exists for year 1808, skipping...
2024-10-10 10:38:00,865 - INFO - File already exists for year 1809, skipping...
2024-10-10 10:38:00,865 - INFO - File already exists for year 1810, skipping...
2024-10-10 10:38:00,865 - INFO - File already exists for year 1811, skipping...
2024-10-10 10:38:00,865 - INFO - File already exists for year 1812, skipping...
2024-10-10 10:38:00,865 - INFO - File already exists for year 1813, skipping...
2024-10-10 10:38:00,866 - INFO - File already exists for year 1814, skipping...
2024-10-10 10:38:00,866 - INFO - File already exists for year 1815, skipping...
2024-10-10 10:38:00,866 - INFO - File already exists for year 1816, skipping...
2024-10-10 10:38:00,867 - INFO - File already exists for year 1817, skipping...
2024-10-10 10:38:00,867 - INFO - File already exists for year 1818, skipping...
2024-10-10 10:38:00,867 - INFO - File already exists for year 1819, skipping...
2024-10-10 10:38:00,867 - INFO - File already exists for year 1820, skipping...
2024-10-10 10:38:00,867 - INFO - File already exists for year 1821, skipping...
2024-10-10 10:38:00,867 - INFO - File already exists for year 1822, skipping...
2024-10-10 10:38:00,867 - INFO - File already exists for year 1823, skipping...
2024-10-10 10:38:00,867 - INFO - File already exists for year 1824, skipping...
2024-10-10 10:38:00,869 - INFO - File already exists for year 1825, skipping...
2024-10-10 10:38:00,869 - INFO - File already exists for year 1826, skipping...
2024-10-10 10:38:00,869 - INFO - File already exists for year 1827, skipping...
2024-10-10 10:38:00,869 - INFO - File already exists for year 1828, skipping...
2024-10-10 10:38:00,869 - INFO - File already exists for year 1829, skipping...
2024-10-10 10:38:00,869 - INFO - File already exists for year 1830, skipping...
2024-10-10 10:38:00,869 - INFO - File already exists for year 1831, skipping...
2024-10-10 10:38:00,869 - INFO - File already exists for year 1832, skipping...
2024-10-10 10:38:00,869 - INFO - File already exists for year 1833, skipping...
2024-10-10 10:38:00,869 - INFO - File already exists for year 1834, skipping...
2024-10-10 10:38:00,869 - INFO - File already exists for year 1835, skipping...
2024-10-10 10:38:00,870 - INFO - File already exists for year 1836, skipping...
2024-10-10 10:38:00,870 - INFO - File already exists for year 1837, skipping...
2024-10-10 10:38:00,870 - INFO - File already exists for year 1838, skipping...
2024-10-10 10:38:00,870 - INFO - File already exists for year 1839, skipping...
2024-10-10 10:38:00,870 - INFO - File already exists for year 1840, skipping...
2024-10-10 10:38:00,870 - INFO - File already exists for year 1841, skipping...
2024-10-10 10:38:00,870 - INFO - File already exists for year 1842, skipping...
2024-10-10 10:38:00,870 - INFO - File already exists for year 1843, skipping...
2024-10-10 10:38:00,870 - INFO - File already exists for year 1844, skipping...
2024-10-10 10:38:00,870 - INFO - File already exists for year 1845, skipping...
2024-10-10 10:38:00,870 - INFO - File already exists for year 1846, skipping...
2024-10-10 10:38:00,870 - INFO - File already exists for year 1847, skipping...
2024-10-10 10:38:00,870 - INFO - File already exists for year 1848, skipping...
2024-10-10 10:38:00,870 - INFO - File already exists for year 1849, skipping...
2024-10-10 10:38:00,871 - INFO - File already exists for year 1850, skipping...
2024-10-10 10:38:00,871 - INFO - File already exists for year 1851, skipping...
2024-10-10 10:38:00,871 - INFO - File already exists for year 1852, skipping...
2024-10-10 10:38:00,871 - INFO - File already exists for year 1853, skipping...
2024-10-10 10:38:00,871 - INFO - File already exists for year 1854, skipping...
2024-10-10 10:38:00,871 - INFO - File already exists for year 1855, skipping...
2024-10-10 10:38:00,872 - INFO - File already exists for year 1856, skipping...
2024-10-10 10:38:00,872 - INFO - File already exists for year 1857, skipping...
2024-10-10 10:38:00,872 - INFO - File already exists for year 1858, skipping...
2024-10-10 10:38:00,872 - INFO - File already exists for year 1859, skipping...
2024-10-10 10:38:00,872 - INFO - File already exists for year 1860, skipping...
2024-10-10 10:38:00,872 - INFO - File already exists for year 1861, skipping...
2024-10-10 10:38:00,872 - INFO - File already exists for year 1862, skipping...
2024-10-10 10:38:00,872 - INFO - File already exists for year 1863, skipping...
2024-10-10 10:38:00,872 - INFO - File already exists for year 1864, skipping...
2024-10-10 10:38:00,873 - INFO - File already exists for year 1865, skipping...
2024-10-10 10:38:00,873 - INFO - File already exists for year 1866, skipping...
2024-10-10 10:38:00,873 - INFO - File already exists for year 1867, skipping...
2024-10-10 10:38:00,873 - INFO - File already exists for year 1868, skipping...
2024-10-10 10:38:00,874 - INFO - File already exists for year 1869, skipping...
2024-10-10 10:38:00,874 - INFO - File already exists for year 1870, skipping...
2024-10-10 10:38:00,874 - INFO - File already exists for year 1872, skipping...
2024-10-10 10:38:00,875 - INFO - File already exists for year 1873, skipping...
2024-10-10 10:38:00,875 - INFO - File already exists for year 1874, skipping...
2024-10-10 10:38:00,874 - INFO - File already exists for year 1871, skipping...
2024-10-10 10:38:00,875 - INFO - File already exists for year 1875, skipping...
2024-10-10 10:38:00,875 - INFO - File already exists for year 1876, skipping...
2024-10-10 10:38:00,875 - INFO - File already exists for year 1877, skipping...
2024-10-10 10:38:00,875 - INFO - File already exists for year 1878, skipping...
2024-10-10 10:38:00,875 - INFO - File already exists for year 1880, skipping...
2024-10-10 10:38:00,875 - INFO - File already exists for year 1881, skipping...
2024-10-10 10:38:00,875 - INFO - File already exists for year 1882, skipping...
2024-10-10 10:38:00,875 - INFO - File already exists for year 1883, skipping...
2024-10-10 10:38:00,875 - INFO - File already exists for year 1884, skipping...
2024-10-10 10:38:00,875 - INFO - File already exists for year 1879, skipping...
2024-10-10 10:38:00,875 - INFO - File already exists for year 1885, skipping...
2024-10-10 10:38:00,875 - INFO - File already exists for year 1886, skipping...
2024-10-10 10:38:00,875 - INFO - File already exists for year 1887, skipping...
2024-10-10 10:38:00,875 - INFO - File already exists for year 1888, skipping...
2024-10-10 10:38:00,876 - INFO - File already exists for year 1889, skipping...
2024-10-10 10:38:00,876 - INFO - File already exists for year 1890, skipping...
2024-10-10 10:38:00,876 - INFO - File already exists for year 1891, skipping...
2024-10-10 10:38:00,876 - INFO - File already exists for year 1892, skipping...
2024-10-10 10:38:00,876 - INFO - File already exists for year 1893, skipping...
2024-10-10 10:38:00,876 - INFO - File already exists for year 1894, skipping...
2024-10-10 10:38:00,876 - INFO - File already exists for year 1895, skipping...
2024-10-10 10:38:00,876 - INFO - File already exists for year 1896, skipping...
2024-10-10 10:38:00,876 - INFO - File already exists for year 1897, skipping...
2024-10-10 10:38:00,876 - INFO - File already exists for year 1898, skipping...
2024-10-10 10:38:00,876 - INFO - File already exists for year 1899, skipping...
2024-10-10 10:38:00,876 - INFO - File already exists for year 1900, skipping...
2024-10-10 10:38:00,876 - INFO - File already exists for year 1901, skipping...
2024-10-10 10:38:00,876 - INFO - File already exists for year 1902, skipping...
2024-10-10 10:38:00,876 - INFO - File already exists for year 1903, skipping...
2024-10-10 10:38:00,876 - INFO - File already exists for year 1904, skipping...
2024-10-10 10:38:00,876 - INFO - File already exists for year 1905, skipping...
2024-10-10 10:38:00,876 - INFO - File already exists for year 1906, skipping...
2024-10-10 10:38:00,876 - INFO - File already exists for year 1907, skipping...
2024-10-10 10:38:00,876 - INFO - File already exists for year 1908, skipping...
2024-10-10 10:38:00,876 - INFO - File already exists for year 1909, skipping...
2024-10-10 10:38:00,876 - INFO - File already exists for year 1910, skipping...
2024-10-10 10:38:00,877 - INFO - File already exists for year 1911, skipping...
2024-10-10 10:38:00,877 - INFO - File already exists for year 1912, skipping...
2024-10-10 10:38:00,877 - INFO - File already exists for year 1913, skipping...
2024-10-10 10:38:00,877 - INFO - File already exists for year 1914, skipping...
2024-10-10 10:38:00,877 - INFO - File already exists for year 1915, skipping...
2024-10-10 10:38:00,877 - INFO - File already exists for year 1916, skipping...
2024-10-10 10:38:00,877 - INFO - File already exists for year 1917, skipping...
2024-10-10 10:38:00,877 - INFO - File already exists for year 1919, skipping...
2024-10-10 10:38:00,877 - INFO - File already exists for year 1918, skipping...
2024-10-10 10:38:00,877 - INFO - File already exists for year 1920, skipping...
2024-10-10 10:38:00,878 - INFO - File already exists for year 1921, skipping...
2024-10-10 10:38:00,878 - INFO - File already exists for year 1922, skipping...
2024-10-10 10:38:00,878 - INFO - File already exists for year 1923, skipping...
2024-10-10 10:38:00,878 - INFO - File already exists for year 1924, skipping...
2024-10-10 10:38:00,878 - INFO - File already exists for year 1925, skipping...
2024-10-10 10:38:00,878 - INFO - File already exists for year 1926, skipping...
2024-10-10 10:38:00,878 - INFO - File already exists for year 1927, skipping...
2024-10-10 10:38:00,878 - INFO - File already exists for year 1928, skipping...
2024-10-10 10:38:00,878 - INFO - File already exists for year 1929, skipping...
2024-10-10 10:38:00,878 - INFO - File already exists for year 1930, skipping...
2024-10-10 10:38:00,878 - INFO - File already exists for year 1931, skipping...
2024-10-10 10:38:00,878 - INFO - File already exists for year 1932, skipping...
2024-10-10 10:38:00,878 - INFO - File already exists for year 1933, skipping...
2024-10-10 10:38:00,878 - INFO - File already exists for year 1934, skipping...
2024-10-10 10:38:00,878 - INFO - File already exists for year 1935, skipping...
2024-10-10 10:38:00,879 - INFO - File already exists for year 1936, skipping...
2024-10-10 10:38:00,879 - INFO - File already exists for year 1937, skipping...
2024-10-10 10:38:00,879 - INFO - File already exists for year 1938, skipping...
2024-10-10 10:38:00,879 - INFO - File already exists for year 1939, skipping...
2024-10-10 10:38:00,879 - INFO - Start downloading data for year 1941 at 2024-10-10 10:38:00.879566
2024-10-10 10:38:00,879 - INFO - Start downloading data for year 1940 at 2024-10-10 10:38:00.879589
2024-10-10 10:38:00,896 - INFO - Start downloading data for year 1942 at 2024-10-10 10:38:00.896451
2024-10-10 10:38:00,897 - INFO - Start downloading data for year 1943 at 2024-10-10 10:38:00.897835
2024-10-10 10:38:00,902 - INFO - Start downloading data for year 1944 at 2024-10-10 10:38:00.902618
2024-10-10 10:38:00,907 - INFO - Start downloading data for year 1945 at 2024-10-10 10:38:00.907453
2024-10-10 10:38:00,909 - INFO - Start downloading data for year 1946 at 2024-10-10 10:38:00.909175
2024-10-10 10:38:00,912 - INFO - Start downloading data for year 1947 at 2024-10-10 10:38:00.912324
2024-10-10 10:38:00,915 - INFO - Start downloading data for year 1948 at 2024-10-10 10:38:00.915531
2024-10-10 10:38:00,915 - INFO - Start downloading data for year 1949 at 2024-10-10 10:38:00.915839
2024-10-10 10:38:00,920 - INFO - Start downloading data for year 1950 at 2024-10-10 10:38:00.920091
2024-10-10 10:38:00,923 - INFO - Start downloading data for year 1951 at 2024-10-10 10:38:00.923740
2024-10-10 10:38:00,924 - INFO - Start downloading data for year 1952 at 2024-10-10 10:38:00.924118
2024-10-10 10:38:00,926 - INFO - Start downloading data for year 1953 at 2024-10-10 10:38:00.926833
2024-10-10 10:38:00,927 - INFO - Start downloading data for year 1954 at 2024-10-10 10:38:00.927417
2024-10-10 10:38:00,939 - INFO - Start downloading data for year 1955 at 2024-10-10 10:38:00.939500
2024-10-10 10:38:00,940 - INFO - Start downloading data for year 1956 at 2024-10-10 10:38:00.940515
2024-10-10 10:38:00,942 - INFO - Start downloading data for year 1957 at 2024-10-10 10:38:00.942844
2024-10-10 10:38:00,972 - INFO - Start downloading data for year 1958 at 2024-10-10 10:38:00.972791
2024-10-10 10:38:17,235 - INFO - Successfully downloaded and saved data for year 1957
2024-10-10 10:38:17,257 - INFO - Done: 1957 at 2024-10-10 10:38:17.257800, duration: 0:00:16.314956
2024-10-10 10:38:17,258 - INFO - Start downloading data for year 1959 at 2024-10-10 10:38:17.258045
2024-10-10 10:38:17,976 - INFO - Successfully downloaded and saved data for year 1958
2024-10-10 10:38:17,999 - INFO - Done: 1958 at 2024-10-10 10:38:17.999638, duration: 0:00:17.026847
2024-10-10 10:38:17,999 - INFO - Start downloading data for year 1960 at 2024-10-10 10:38:17.999892
2024-10-10 10:38:25,921 - INFO - Successfully downloaded and saved data for year 1956
2024-10-10 10:38:25,943 - INFO - Done: 1956 at 2024-10-10 10:38:25.943687, duration: 0:00:25.003172
2024-10-10 10:38:25,943 - INFO - Start downloading data for year 1961 at 2024-10-10 10:38:25.943913
2024-10-10 10:38:49,787 - INFO - Successfully downloaded and saved data for year 1959
2024-10-10 10:38:49,818 - INFO - Done: 1959 at 2024-10-10 10:38:49.818729, duration: 0:00:32.560684
2024-10-10 10:38:49,818 - INFO - Start downloading data for year 1962 at 2024-10-10 10:38:49.818965
2024-10-10 10:38:51,497 - INFO - Successfully downloaded and saved data for year 1954
2024-10-10 10:38:51,564 - INFO - Done: 1954 at 2024-10-10 10:38:51.564370, duration: 0:00:50.636953
2024-10-10 10:38:51,564 - INFO - Start downloading data for year 1963 at 2024-10-10 10:38:51.564617
2024-10-10 10:38:59,737 - INFO - Successfully downloaded and saved data for year 1955
2024-10-10 10:38:59,812 - INFO - Done: 1955 at 2024-10-10 10:38:59.812731, duration: 0:00:58.873231
2024-10-10 10:39:16,362 - INFO - Successfully downloaded and saved data for year 1963
2024-10-10 10:39:16,415 - INFO - Done: 1963 at 2024-10-10 10:39:16.415330, duration: 0:00:24.850713
2024-10-10 10:39:18,340 - INFO - Successfully downloaded and saved data for year 1953
2024-10-10 10:39:18,446 - INFO - Done: 1953 at 2024-10-10 10:39:18.446925, duration: 0:01:17.520092
2024-10-10 10:39:18,662 - INFO - Successfully downloaded and saved data for year 1960
2024-10-10 10:39:18,749 - INFO - Done: 1960 at 2024-10-10 10:39:18.749919, duration: 0:01:00.750027
2024-10-10 10:39:21,666 - INFO - Successfully downloaded and saved data for year 1962
2024-10-10 10:39:21,730 - INFO - Done: 1962 at 2024-10-10 10:39:21.730921, duration: 0:00:31.911956
2024-10-10 10:39:28,708 - INFO - Successfully downloaded and saved data for year 1952
2024-10-10 10:39:28,813 - INFO - Done: 1952 at 2024-10-10 10:39:28.813898, duration: 0:01:27.889780
2024-10-10 10:39:29,728 - INFO - Successfully downloaded and saved data for year 1961
2024-10-10 10:39:29,812 - INFO - Done: 1961 at 2024-10-10 10:39:29.812562, duration: 0:01:03.868649
2024-10-10 10:39:31,428 - INFO - Successfully downloaded and saved data for year 1948
2024-10-10 10:39:31,539 - INFO - Done: 1948 at 2024-10-10 10:39:31.539434, duration: 0:01:30.623903
2024-10-10 10:39:35,703 - INFO - Successfully downloaded and saved data for year 1947
2024-10-10 10:39:35,826 - INFO - Done: 1947 at 2024-10-10 10:39:35.826281, duration: 0:01:34.913957
2024-10-10 10:39:37,545 - INFO - Successfully downloaded and saved data for year 1951
2024-10-10 10:39:37,657 - INFO - Done: 1951 at 2024-10-10 10:39:37.657751, duration: 0:01:36.734011
2024-10-10 10:39:37,935 - INFO - Successfully downloaded and saved data for year 1949
2024-10-10 10:39:37,993 - INFO - Successfully downloaded and saved data for year 1950
2024-10-10 10:39:38,059 - INFO - Done: 1949 at 2024-10-10 10:39:38.059268, duration: 0:01:37.143429
2024-10-10 10:39:38,122 - INFO - Done: 1950 at 2024-10-10 10:39:38.122634, duration: 0:01:37.202543
2024-10-10 10:39:40,109 - INFO - Successfully downloaded and saved data for year 1943
2024-10-10 10:39:40,232 - INFO - Done: 1943 at 2024-10-10 10:39:40.232340, duration: 0:01:39.334505
2024-10-10 10:39:42,050 - INFO - Successfully downloaded and saved data for year 1946
2024-10-10 10:39:42,184 - INFO - Done: 1946 at 2024-10-10 10:39:42.184081, duration: 0:01:41.274906
2024-10-10 10:39:43,259 - INFO - Successfully downloaded and saved data for year 1944
2024-10-10 10:39:43,375 - INFO - Done: 1944 at 2024-10-10 10:39:43.375179, duration: 0:01:42.472561
2024-10-10 10:39:47,261 - INFO - Successfully downloaded and saved data for year 1940
2024-10-10 10:39:47,392 - INFO - Done: 1940 at 2024-10-10 10:39:47.392545, duration: 0:01:46.512956
2024-10-10 10:39:50,450 - INFO - Successfully downloaded and saved data for year 1942
2024-10-10 10:39:50,596 - INFO - Done: 1942 at 2024-10-10 10:39:50.596795, duration: 0:01:49.700344
2024-10-10 10:39:55,701 - INFO - Successfully downloaded and saved data for year 1945
2024-10-10 10:39:55,849 - INFO - Done: 1945 at 2024-10-10 10:39:55.849926, duration: 0:01:54.942473
2024-10-10 10:39:57,486 - INFO - Successfully downloaded and saved data for year 1941
2024-10-10 10:39:57,647 - INFO - Done: 1941 at 2024-10-10 10:39:57.647744, duration: 0:01:56.768178
2024-10-10 10:40:37,601 - INFO - File already exists for year 1774, skipping...
2024-10-10 10:40:37,601 - INFO - File already exists for year 1798, skipping...
2024-10-10 10:40:37,601 - INFO - File already exists for year 1799, skipping...
2024-10-10 10:40:37,601 - INFO - File already exists for year 1800, skipping...
2024-10-10 10:40:37,601 - INFO - File already exists for year 1801, skipping...
2024-10-10 10:40:37,602 - INFO - File already exists for year 1802, skipping...
2024-10-10 10:40:37,602 - INFO - File already exists for year 1803, skipping...
2024-10-10 10:40:37,602 - INFO - File already exists for year 1804, skipping...
2024-10-10 10:40:37,602 - INFO - File already exists for year 1805, skipping...
2024-10-10 10:40:37,602 - INFO - File already exists for year 1806, skipping...
2024-10-10 10:40:37,602 - INFO - File already exists for year 1807, skipping...
2024-10-10 10:40:37,602 - INFO - File already exists for year 1808, skipping...
2024-10-10 10:40:37,602 - INFO - File already exists for year 1809, skipping...
2024-10-10 10:40:37,602 - INFO - File already exists for year 1810, skipping...
2024-10-10 10:40:37,602 - INFO - File already exists for year 1811, skipping...
2024-10-10 10:40:37,602 - INFO - File already exists for year 1812, skipping...
2024-10-10 10:40:37,602 - INFO - File already exists for year 1813, skipping...
2024-10-10 10:40:37,602 - INFO - File already exists for year 1814, skipping...
2024-10-10 10:40:37,602 - INFO - File already exists for year 1815, skipping...
2024-10-10 10:40:37,602 - INFO - File already exists for year 1816, skipping...
2024-10-10 10:40:37,603 - INFO - File already exists for year 1817, skipping...
2024-10-10 10:40:37,603 - INFO - File already exists for year 1819, skipping...
2024-10-10 10:40:37,603 - INFO - File already exists for year 1818, skipping...
2024-10-10 10:40:37,603 - INFO - File already exists for year 1820, skipping...
2024-10-10 10:40:37,603 - INFO - File already exists for year 1821, skipping...
2024-10-10 10:40:37,604 - INFO - File already exists for year 1823, skipping...
2024-10-10 10:40:37,604 - INFO - File already exists for year 1822, skipping...
2024-10-10 10:40:37,604 - INFO - File already exists for year 1824, skipping...
2024-10-10 10:40:37,604 - INFO - File already exists for year 1825, skipping...
2024-10-10 10:40:37,604 - INFO - File already exists for year 1826, skipping...
2024-10-10 10:40:37,604 - INFO - File already exists for year 1827, skipping...
2024-10-10 10:40:37,604 - INFO - File already exists for year 1829, skipping...
2024-10-10 10:40:37,604 - INFO - File already exists for year 1828, skipping...
2024-10-10 10:40:37,604 - INFO - File already exists for year 1831, skipping...
2024-10-10 10:40:37,604 - INFO - File already exists for year 1830, skipping...
2024-10-10 10:40:37,605 - INFO - File already exists for year 1832, skipping...
2024-10-10 10:40:37,605 - INFO - File already exists for year 1833, skipping...
2024-10-10 10:40:37,605 - INFO - File already exists for year 1835, skipping...
2024-10-10 10:40:37,605 - INFO - File already exists for year 1834, skipping...
2024-10-10 10:40:37,605 - INFO - File already exists for year 1836, skipping...
2024-10-10 10:40:37,605 - INFO - File already exists for year 1837, skipping...
2024-10-10 10:40:37,605 - INFO - File already exists for year 1838, skipping...
2024-10-10 10:40:37,605 - INFO - File already exists for year 1839, skipping...
2024-10-10 10:40:37,605 - INFO - File already exists for year 1841, skipping...
2024-10-10 10:40:37,605 - INFO - File already exists for year 1840, skipping...
2024-10-10 10:40:37,606 - INFO - File already exists for year 1843, skipping...
2024-10-10 10:40:37,606 - INFO - File already exists for year 1842, skipping...
2024-10-10 10:40:37,606 - INFO - File already exists for year 1844, skipping...
2024-10-10 10:40:37,606 - INFO - File already exists for year 1845, skipping...
2024-10-10 10:40:37,606 - INFO - File already exists for year 1846, skipping...
2024-10-10 10:40:37,606 - INFO - File already exists for year 1847, skipping...
2024-10-10 10:40:37,606 - INFO - File already exists for year 1849, skipping...
2024-10-10 10:40:37,606 - INFO - File already exists for year 1848, skipping...
2024-10-10 10:40:37,606 - INFO - File already exists for year 1850, skipping...
2024-10-10 10:40:37,606 - INFO - File already exists for year 1851, skipping...
2024-10-10 10:40:37,606 - INFO - File already exists for year 1852, skipping...
2024-10-10 10:40:37,606 - INFO - File already exists for year 1853, skipping...
2024-10-10 10:40:37,606 - INFO - File already exists for year 1854, skipping...
2024-10-10 10:40:37,606 - INFO - File already exists for year 1855, skipping...
2024-10-10 10:40:37,606 - INFO - File already exists for year 1856, skipping...
2024-10-10 10:40:37,607 - INFO - File already exists for year 1857, skipping...
2024-10-10 10:40:37,607 - INFO - File already exists for year 1858, skipping...
2024-10-10 10:40:37,607 - INFO - File already exists for year 1859, skipping...
2024-10-10 10:40:37,607 - INFO - File already exists for year 1860, skipping...
2024-10-10 10:40:37,607 - INFO - File already exists for year 1862, skipping...
2024-10-10 10:40:37,607 - INFO - File already exists for year 1864, skipping...
2024-10-10 10:40:37,607 - INFO - File already exists for year 1863, skipping...
2024-10-10 10:40:37,608 - INFO - File already exists for year 1865, skipping...
2024-10-10 10:40:37,607 - INFO - File already exists for year 1861, skipping...
2024-10-10 10:40:37,608 - INFO - File already exists for year 1866, skipping...
2024-10-10 10:40:37,608 - INFO - File already exists for year 1868, skipping...
2024-10-10 10:40:37,608 - INFO - File already exists for year 1867, skipping...
2024-10-10 10:40:37,608 - INFO - File already exists for year 1869, skipping...
2024-10-10 10:40:37,608 - INFO - File already exists for year 1870, skipping...
2024-10-10 10:40:37,608 - INFO - File already exists for year 1871, skipping...
2024-10-10 10:40:37,608 - INFO - File already exists for year 1872, skipping...
2024-10-10 10:40:37,608 - INFO - File already exists for year 1874, skipping...
2024-10-10 10:40:37,608 - INFO - File already exists for year 1873, skipping...
2024-10-10 10:40:37,608 - INFO - File already exists for year 1876, skipping...
2024-10-10 10:40:37,609 - INFO - File already exists for year 1877, skipping...
2024-10-10 10:40:37,609 - INFO - File already exists for year 1878, skipping...
2024-10-10 10:40:37,609 - INFO - File already exists for year 1875, skipping...
2024-10-10 10:40:37,609 - INFO - File already exists for year 1880, skipping...
2024-10-10 10:40:37,609 - INFO - File already exists for year 1881, skipping...
2024-10-10 10:40:37,609 - INFO - File already exists for year 1882, skipping...
2024-10-10 10:40:37,609 - INFO - File already exists for year 1883, skipping...
2024-10-10 10:40:37,609 - INFO - File already exists for year 1884, skipping...
2024-10-10 10:40:37,609 - INFO - File already exists for year 1885, skipping...
2024-10-10 10:40:37,609 - INFO - File already exists for year 1879, skipping...
2024-10-10 10:40:37,609 - INFO - File already exists for year 1886, skipping...
2024-10-10 10:40:37,609 - INFO - File already exists for year 1887, skipping...
2024-10-10 10:40:37,609 - INFO - File already exists for year 1888, skipping...
2024-10-10 10:40:37,609 - INFO - File already exists for year 1890, skipping...
2024-10-10 10:40:37,609 - INFO - File already exists for year 1889, skipping...
2024-10-10 10:40:37,610 - INFO - File already exists for year 1891, skipping...
2024-10-10 10:40:37,610 - INFO - File already exists for year 1892, skipping...
2024-10-10 10:40:37,610 - INFO - File already exists for year 1893, skipping...
2024-10-10 10:40:37,610 - INFO - File already exists for year 1894, skipping...
2024-10-10 10:40:37,610 - INFO - File already exists for year 1895, skipping...
2024-10-10 10:40:37,610 - INFO - File already exists for year 1897, skipping...
2024-10-10 10:40:37,610 - INFO - File already exists for year 1896, skipping...
2024-10-10 10:40:37,610 - INFO - File already exists for year 1898, skipping...
2024-10-10 10:40:37,610 - INFO - File already exists for year 1900, skipping...
2024-10-10 10:40:37,610 - INFO - File already exists for year 1899, skipping...
2024-10-10 10:40:37,610 - INFO - File already exists for year 1902, skipping...
2024-10-10 10:40:37,610 - INFO - File already exists for year 1901, skipping...
2024-10-10 10:40:37,610 - INFO - File already exists for year 1903, skipping...
2024-10-10 10:40:37,610 - INFO - File already exists for year 1904, skipping...
2024-10-10 10:40:37,611 - INFO - File already exists for year 1906, skipping...
2024-10-10 10:40:37,611 - INFO - File already exists for year 1905, skipping...
2024-10-10 10:40:37,611 - INFO - File already exists for year 1907, skipping...
2024-10-10 10:40:37,611 - INFO - File already exists for year 1908, skipping...
2024-10-10 10:40:37,611 - INFO - File already exists for year 1909, skipping...
2024-10-10 10:40:37,611 - INFO - File already exists for year 1910, skipping...
2024-10-10 10:40:37,611 - INFO - File already exists for year 1912, skipping...
2024-10-10 10:40:37,611 - INFO - File already exists for year 1911, skipping...
2024-10-10 10:40:37,611 - INFO - File already exists for year 1914, skipping...
2024-10-10 10:40:37,611 - INFO - File already exists for year 1913, skipping...
2024-10-10 10:40:37,611 - INFO - File already exists for year 1915, skipping...
2024-10-10 10:40:37,611 - INFO - File already exists for year 1918, skipping...
2024-10-10 10:40:37,611 - INFO - File already exists for year 1919, skipping...
2024-10-10 10:40:37,611 - INFO - File already exists for year 1916, skipping...
2024-10-10 10:40:37,611 - INFO - File already exists for year 1917, skipping...
2024-10-10 10:40:37,611 - INFO - File already exists for year 1920, skipping...
2024-10-10 10:40:37,611 - INFO - File already exists for year 1921, skipping...
2024-10-10 10:40:37,612 - INFO - File already exists for year 1922, skipping...
2024-10-10 10:40:37,612 - INFO - File already exists for year 1923, skipping...
2024-10-10 10:40:37,612 - INFO - File already exists for year 1925, skipping...
2024-10-10 10:40:37,612 - INFO - File already exists for year 1924, skipping...
2024-10-10 10:40:37,612 - INFO - File already exists for year 1926, skipping...
2024-10-10 10:40:37,612 - INFO - File already exists for year 1927, skipping...
2024-10-10 10:40:37,612 - INFO - File already exists for year 1930, skipping...
2024-10-10 10:40:37,612 - INFO - File already exists for year 1928, skipping...
2024-10-10 10:40:37,612 - INFO - File already exists for year 1929, skipping...
2024-10-10 10:40:37,612 - INFO - File already exists for year 1931, skipping...
2024-10-10 10:40:37,612 - INFO - File already exists for year 1933, skipping...
2024-10-10 10:40:37,613 - INFO - File already exists for year 1935, skipping...
2024-10-10 10:40:37,613 - INFO - File already exists for year 1934, skipping...
2024-10-10 10:40:37,613 - INFO - File already exists for year 1936, skipping...
2024-10-10 10:40:37,613 - INFO - File already exists for year 1932, skipping...
2024-10-10 10:40:37,613 - INFO - File already exists for year 1937, skipping...
2024-10-10 10:40:37,613 - INFO - File already exists for year 1938, skipping...
2024-10-10 10:40:37,613 - INFO - File already exists for year 1939, skipping...
2024-10-10 10:40:37,613 - INFO - File already exists for year 1940, skipping...
2024-10-10 10:40:37,613 - INFO - File already exists for year 1941, skipping...
2024-10-10 10:40:37,613 - INFO - File already exists for year 1944, skipping...
2024-10-10 10:40:37,613 - INFO - File already exists for year 1942, skipping...
2024-10-10 10:40:37,613 - INFO - File already exists for year 1945, skipping...
2024-10-10 10:40:37,613 - INFO - File already exists for year 1946, skipping...
2024-10-10 10:40:37,613 - INFO - File already exists for year 1943, skipping...
2024-10-10 10:40:37,613 - INFO - File already exists for year 1947, skipping...
2024-10-10 10:40:37,613 - INFO - File already exists for year 1949, skipping...
2024-10-10 10:40:37,613 - INFO - File already exists for year 1950, skipping...
2024-10-10 10:40:37,614 - INFO - File already exists for year 1948, skipping...
2024-10-10 10:40:37,614 - INFO - File already exists for year 1951, skipping...
2024-10-10 10:40:37,614 - INFO - File already exists for year 1952, skipping...
2024-10-10 10:40:37,614 - INFO - File already exists for year 1954, skipping...
2024-10-10 10:40:37,614 - INFO - File already exists for year 1955, skipping...
2024-10-10 10:40:37,614 - INFO - File already exists for year 1956, skipping...
2024-10-10 10:40:37,614 - INFO - File already exists for year 1957, skipping...
2024-10-10 10:40:37,614 - INFO - File already exists for year 1953, skipping...
2024-10-10 10:40:37,614 - INFO - File already exists for year 1958, skipping...
2024-10-10 10:40:37,614 - INFO - File already exists for year 1960, skipping...
2024-10-10 10:40:37,614 - INFO - File already exists for year 1962, skipping...
2024-10-10 10:40:37,614 - INFO - File already exists for year 1959, skipping...
2024-10-10 10:40:37,615 - INFO - File already exists for year 1963, skipping...
2024-10-10 10:40:37,614 - INFO - File already exists for year 1961, skipping...
2024-10-17 13:28:01,151 - INFO - Start downloading data for year 1922 at 2024-10-17 13:28:01.151655
2024-10-17 13:34:12,854 - INFO - Successfully downloaded and saved data for year 1922
2024-10-17 13:34:13,536 - INFO - Done: 1922 at 2024-10-17 13:34:13.536847, duration: 0:06:12.385192
